I, [2016-05-16T18:52:42.794942 #48646]  INFO -- : [1;32mCompanion started.[0m
I, [2016-05-16T18:57:26.620277 #49162]  INFO -- : [1;32mCompanion started.[0m
D, [2016-05-16T18:57:26.629051 #49162] DEBUG -- : [1;33mCompanion::Manager[0m
D, [2016-05-16T18:57:26.629142 #49162] DEBUG -- : [1;33mCompanion::Manager[0m
D, [2016-05-16T18:57:26.629173 #49162] DEBUG -- : [1;33mCompanion::Manager[0m
D, [2016-05-16T18:57:26.629362 #49162] DEBUG -- : [1;33mCompanion::Manager[0m
D, [2016-05-16T18:57:26.629395 #49162] DEBUG -- : [1;33mCompanion::Manager[0m
D, [2016-05-16T18:57:26.629618 #49162] DEBUG -- : [1;33mCompanion::Manager[0m
D, [2016-05-16T18:57:26.629648 #49162] DEBUG -- : [1;33mCompanion::Manager[0m
D, [2016-05-16T18:57:26.629794 #49162] DEBUG -- : [1;33mmain[0m
D, [2016-05-16T18:57:26.630063 #49162] DEBUG -- : [1;33mmain[0m
D, [2016-05-16T18:57:26.630220 #49162] DEBUG -- : [1;33mmain[0m
D, [2016-05-16T18:57:26.630399 #49162] DEBUG -- : [1;33mTestFun[0m
D, [2016-05-16T18:57:26.630507 #49162] DEBUG -- : [1;33mTestFun[0m
D, [2016-05-16T18:57:26.630659 #49162] DEBUG -- : [1;33mTestFun[0m
D, [2016-05-16T18:57:26.630800 #49162] DEBUG -- : [1;33mTestFun[0m
D, [2016-05-16T18:57:26.630958 #49162] DEBUG -- : [1;33mTestFun[0m
D, [2016-05-16T18:57:26.631202 #49162] DEBUG -- : [1;33mTestFun[0m
D, [2016-05-16T18:57:26.631418 #49162] DEBUG -- : [1;33mTestFun[0m
D, [2016-05-16T18:57:26.631603 #49162] DEBUG -- : [1;33mTestFun[0m
D, [2016-05-16T18:57:26.631850 #49162] DEBUG -- : [1;33mTestFun[0m
D, [2016-05-16T18:57:26.632034 #49162] DEBUG -- : [1;33mTestFun[0m
D, [2016-05-16T18:57:26.632202 #49162] DEBUG -- : [1;33mTestFun[0m
D, [2016-05-16T18:57:26.632314 #49162] DEBUG -- : [1;33mTestFun[0m
D, [2016-05-16T18:57:26.632464 #49162] DEBUG -- : [1;33mTestFun[0m
D, [2016-05-16T18:57:26.632573 #49162] DEBUG -- : [1;33mTestFun[0m
D, [2016-05-16T18:57:26.632726 #49162] DEBUG -- : [1;33mTestFun[0m
D, [2016-05-16T18:57:26.632831 #49162] DEBUG -- : [1;33mTestFun[0m
D, [2016-05-16T18:57:26.633168 #49162] DEBUG -- : [1;33mTestFun[0m
D, [2016-05-16T18:57:26.633277 #49162] DEBUG -- : [1;33mTestFun[0m
D, [2016-05-16T18:57:26.633382 #49162] DEBUG -- : [1;33mTestFun[0m
D, [2016-05-16T18:57:26.633492 #49162] DEBUG -- : [1;33mCompanion::Manager[0m
D, [2016-05-16T18:57:26.633545 #49162] DEBUG -- : [1;33mCompanion::Manager[0m
D, [2016-05-16T18:57:26.633595 #49162] DEBUG -- : [1;33mCompanion::Manager[0m
I, [2016-05-16T18:57:59.362200 #49268]  INFO -- : [1;32mCompanion started.[0m
D, [2016-05-16T18:57:59.370593 #49268] DEBUG -- : [1;33mCompanion::Manager[0m
D, [2016-05-16T18:57:59.370661 #49268] DEBUG -- : [1;33mCompanion::Manager[0m
D, [2016-05-16T18:57:59.370699 #49268] DEBUG -- : [1;33mCompanion::Manager[0m
D, [2016-05-16T18:57:59.370873 #49268] DEBUG -- : [1;33mCompanion::Manager[0m
D, [2016-05-16T18:57:59.370903 #49268] DEBUG -- : [1;33mCompanion::Manager[0m
D, [2016-05-16T18:57:59.371068 #49268] DEBUG -- : [1;33mCompanion::Manager[0m
D, [2016-05-16T18:57:59.371096 #49268] DEBUG -- : [1;33mCompanion::Manager[0m
D, [2016-05-16T18:57:59.371199 #49268] DEBUG -- : [1;33mmain[0m
D, [2016-05-16T18:57:59.373332 #49268] DEBUG -- : [1;31mProgram raised error: undefined method `orange' for "main":String[0m
I, [2016-05-16T18:58:14.822453 #49338]  INFO -- : [1;32mCompanion started.[0m
D, [2016-05-16T18:58:14.831003 #49338] DEBUG -- : [1;33mCompanion::Manager[0m
D, [2016-05-16T18:58:14.831076 #49338] DEBUG -- : [1;33mCompanion::Manager[0m
D, [2016-05-16T18:58:14.831115 #49338] DEBUG -- : [1;33mCompanion::Manager[0m
D, [2016-05-16T18:58:14.831281 #49338] DEBUG -- : [1;33mCompanion::Manager[0m
D, [2016-05-16T18:58:14.831320 #49338] DEBUG -- : [1;33mCompanion::Manager[0m
D, [2016-05-16T18:58:14.831501 #49338] DEBUG -- : [1;33mCompanion::Manager[0m
D, [2016-05-16T18:58:14.831540 #49338] DEBUG -- : [1;33mCompanion::Manager[0m
D, [2016-05-16T18:58:14.831705 #49338] DEBUG -- : [1;33mmain[0m
D, [2016-05-16T18:58:14.831743 #49338] DEBUG -- : [1;34mmain[0m
D, [2016-05-16T18:58:14.831937 #49338] DEBUG -- : [1;33mmain[0m
D, [2016-05-16T18:58:14.831984 #49338] DEBUG -- : [1;34mmain[0m
D, [2016-05-16T18:58:14.832126 #49338] DEBUG -- : [1;33mmain[0m
D, [2016-05-16T18:58:14.832156 #49338] DEBUG -- : [1;34mmain[0m
D, [2016-05-16T18:58:14.832363 #49338] DEBUG -- : [1;33mTestFun[0m
D, [2016-05-16T18:58:14.832412 #49338] DEBUG -- : [1;34mTestFun[0m
D, [2016-05-16T18:58:14.832551 #49338] DEBUG -- : [1;33mTestFun[0m
D, [2016-05-16T18:58:14.832580 #49338] DEBUG -- : [1;34mTestFun[0m
D, [2016-05-16T18:58:14.832732 #49338] DEBUG -- : [1;33mTestFun[0m
D, [2016-05-16T18:58:14.832780 #49338] DEBUG -- : [1;34mTestFun[0m
D, [2016-05-16T18:58:14.832984 #49338] DEBUG -- : [1;33mTestFun[0m
D, [2016-05-16T18:58:14.833010 #49338] DEBUG -- : [1;34mTestFun[0m
D, [2016-05-16T18:58:14.833157 #49338] DEBUG -- : [1;33mTestFun[0m
D, [2016-05-16T18:58:14.833183 #49338] DEBUG -- : [1;34mTestFun[0m
D, [2016-05-16T18:58:14.833280 #49338] DEBUG -- : [1;33mTestFun[0m
D, [2016-05-16T18:58:14.833304 #49338] DEBUG -- : [1;34mTestFun[0m
D, [2016-05-16T18:58:14.833466 #49338] DEBUG -- : [1;33mTestFun[0m
D, [2016-05-16T18:58:14.833492 #49338] DEBUG -- : [1;34mTestFun[0m
D, [2016-05-16T18:58:14.833603 #49338] DEBUG -- : [1;33mTestFun[0m
D, [2016-05-16T18:58:14.833637 #49338] DEBUG -- : [1;34mTestFun[0m
D, [2016-05-16T18:58:14.833814 #49338] DEBUG -- : [1;33mTestFun[0m
D, [2016-05-16T18:58:14.833842 #49338] DEBUG -- : [1;34mTestFun[0m
D, [2016-05-16T18:58:14.834188 #49338] DEBUG -- : [1;33mTestFun[0m
D, [2016-05-16T18:58:14.834215 #49338] DEBUG -- : [1;34mTestFun[0m
D, [2016-05-16T18:58:14.834321 #49338] DEBUG -- : [1;33mTestFun[0m
D, [2016-05-16T18:58:14.834346 #49338] DEBUG -- : [1;34mTestFun[0m
D, [2016-05-16T18:58:14.834533 #49338] DEBUG -- : [1;33mTestFun[0m
D, [2016-05-16T18:58:14.834583 #49338] DEBUG -- : [1;34mTestFun[0m
D, [2016-05-16T18:58:14.834904 #49338] DEBUG -- : [1;33mTestFun[0m
D, [2016-05-16T18:58:14.834950 #49338] DEBUG -- : [1;34mTestFun[0m
D, [2016-05-16T18:58:14.835113 #49338] DEBUG -- : [1;33mTestFun[0m
D, [2016-05-16T18:58:14.835144 #49338] DEBUG -- : [1;34mTestFun[0m
D, [2016-05-16T18:58:14.835256 #49338] DEBUG -- : [1;33mTestFun[0m
D, [2016-05-16T18:58:14.835283 #49338] DEBUG -- : [1;34mTestFun[0m
D, [2016-05-16T18:58:14.835417 #49338] DEBUG -- : [1;33mTestFun[0m
D, [2016-05-16T18:58:14.835447 #49338] DEBUG -- : [1;34mTestFun[0m
D, [2016-05-16T18:58:14.835644 #49338] DEBUG -- : [1;33mTestFun[0m
D, [2016-05-16T18:58:14.835672 #49338] DEBUG -- : [1;34mTestFun[0m
D, [2016-05-16T18:58:14.835778 #49338] DEBUG -- : [1;33mTestFun[0m
D, [2016-05-16T18:58:14.835803 #49338] DEBUG -- : [1;34mTestFun[0m
D, [2016-05-16T18:58:14.835923 #49338] DEBUG -- : [1;33mTestFun[0m
D, [2016-05-16T18:58:14.835953 #49338] DEBUG -- : [1;34mTestFun[0m
D, [2016-05-16T18:58:14.836134 #49338] DEBUG -- : [1;33mCompanion::Manager[0m
D, [2016-05-16T18:58:14.836175 #49338] DEBUG -- : [1;33mCompanion::Manager[0m
D, [2016-05-16T18:58:14.836341 #49338] DEBUG -- : [1;33mCompanion::Manager[0m
I, [2016-05-16T18:59:48.233220 #49599]  INFO -- : [1;32mCompanion started.[0m
D, [2016-05-16T18:59:48.241789 #49599] DEBUG -- : [1;33mCompanion::Manager[0m
D, [2016-05-16T18:59:48.241870 #49599] DEBUG -- : [1;33mCompanion::Manager[0m
D, [2016-05-16T18:59:48.241907 #49599] DEBUG -- : [1;33mCompanion::Manager[0m
D, [2016-05-16T18:59:48.242078 #49599] DEBUG -- : [1;33mCompanion::Manager[0m
D, [2016-05-16T18:59:48.242112 #49599] DEBUG -- : [1;33mCompanion::Manager[0m
D, [2016-05-16T18:59:48.242269 #49599] DEBUG -- : [1;33mCompanion::Manager[0m
D, [2016-05-16T18:59:48.242300 #49599] DEBUG -- : [1;33mCompanion::Manager[0m
D, [2016-05-16T18:59:48.242429 #49599] DEBUG -- : [1;33mmain[0m
D, [2016-05-16T18:59:48.242457 #49599] DEBUG -- : [1;34mmain[0m
D, [2016-05-16T18:59:48.244219 #49599] DEBUG -- : [1;31mProgram raised error: undefined method `klass=' for #<Companion::Data:0x007ff98280c2e8>[0m
I, [2016-05-16T19:00:02.246753 #49673]  INFO -- : [1;32mCompanion started.[0m
D, [2016-05-16T19:00:02.256811 #49673] DEBUG -- : [1;33mCompanion::Manager[0m
D, [2016-05-16T19:00:02.256901 #49673] DEBUG -- : [1;33mCompanion::Manager[0m
D, [2016-05-16T19:00:02.256948 #49673] DEBUG -- : [1;33mCompanion::Manager[0m
D, [2016-05-16T19:00:02.257184 #49673] DEBUG -- : [1;33mCompanion::Manager[0m
D, [2016-05-16T19:00:02.257216 #49673] DEBUG -- : [1;33mCompanion::Manager[0m
D, [2016-05-16T19:00:02.257353 #49673] DEBUG -- : [1;33mCompanion::Manager[0m
D, [2016-05-16T19:00:02.257390 #49673] DEBUG -- : [1;33mCompanion::Manager[0m
D, [2016-05-16T19:00:02.257570 #49673] DEBUG -- : [1;33mmain[0m
D, [2016-05-16T19:00:02.257600 #49673] DEBUG -- : [1;34mmain[0m
D, [2016-05-16T19:00:02.261285 #49673] DEBUG -- : [1;31mProgram raised error: undefined method `klass=' for #<Companion::Data:0x007f92a9935da8>[0m
I, [2016-05-16T19:00:55.844624 #49832]  INFO -- : [1;32mCompanion started.[0m
D, [2016-05-16T19:00:55.853165 #49832] DEBUG -- : [1;33mCompanion::Manager[0m
D, [2016-05-16T19:00:55.853262 #49832] DEBUG -- : [1;33mCompanion::Manager[0m
D, [2016-05-16T19:00:55.853296 #49832] DEBUG -- : [1;33mCompanion::Manager[0m
D, [2016-05-16T19:00:55.853495 #49832] DEBUG -- : [1;33mCompanion::Manager[0m
D, [2016-05-16T19:00:55.853527 #49832] DEBUG -- : [1;33mCompanion::Manager[0m
D, [2016-05-16T19:00:55.853735 #49832] DEBUG -- : [1;33mCompanion::Manager[0m
D, [2016-05-16T19:00:55.853764 #49832] DEBUG -- : [1;33mCompanion::Manager[0m
D, [2016-05-16T19:00:55.853897 #49832] DEBUG -- : [1;33mmain[0m
D, [2016-05-16T19:00:55.853927 #49832] DEBUG -- : [1;34mmain[0m
D, [2016-05-16T19:00:55.855522 #49832] DEBUG -- : [1;31mProgram raised error: undefined method `klass=' for #<Companion::Data:0x007f95591380d0>[0m
I, [2016-05-16T19:01:22.316555 #49856]  INFO -- : [1;32mCompanion started.[0m
D, [2016-05-16T19:01:22.325059 #49856] DEBUG -- : [1;33mCompanion::Manager[0m
D, [2016-05-16T19:01:22.325137 #49856] DEBUG -- : [1;33mCompanion::Manager[0m
D, [2016-05-16T19:01:22.325175 #49856] DEBUG -- : [1;33mCompanion::Manager[0m
D, [2016-05-16T19:01:22.325389 #49856] DEBUG -- : [1;33mCompanion::Manager[0m
D, [2016-05-16T19:01:22.325430 #49856] DEBUG -- : [1;33mCompanion::Manager[0m
D, [2016-05-16T19:01:22.325626 #49856] DEBUG -- : [1;33mCompanion::Manager[0m
D, [2016-05-16T19:01:22.325656 #49856] DEBUG -- : [1;33mCompanion::Manager[0m
D, [2016-05-16T19:01:22.325771 #49856] DEBUG -- : [1;33mmain[0m
D, [2016-05-16T19:01:22.325800 #49856] DEBUG -- : [1;34mmain[0m
D, [2016-05-16T19:01:22.327387 #49856] DEBUG -- : [1;31mProgram raised error: undefined method `klass=' for #<Companion::Data:0x007ffaa39920c8>[0m
I, [2016-05-16T19:01:50.545938 #49906]  INFO -- : [1;32mCompanion started.[0m
D, [2016-05-16T19:01:50.554502 #49906] DEBUG -- : [1;33mCompanion::Manager[0m
D, [2016-05-16T19:01:50.554578 #49906] DEBUG -- : [1;33mCompanion::Manager[0m
D, [2016-05-16T19:01:50.554615 #49906] DEBUG -- : [1;33mCompanion::Manager[0m
D, [2016-05-16T19:01:50.554815 #49906] DEBUG -- : [1;33mCompanion::Manager[0m
D, [2016-05-16T19:01:50.554864 #49906] DEBUG -- : [1;33mCompanion::Manager[0m
D, [2016-05-16T19:01:50.554997 #49906] DEBUG -- : [1;33mCompanion::Manager[0m
D, [2016-05-16T19:01:50.555061 #49906] DEBUG -- : [1;33mCompanion::Manager[0m
D, [2016-05-16T19:01:50.555244 #49906] DEBUG -- : [1;33mmain[0m
D, [2016-05-16T19:01:50.555282 #49906] DEBUG -- : [1;34mmain[0m
D, [2016-05-16T19:01:50.556866 #49906] DEBUG -- : [1;31mProgram raised error: undefined method `klass=' for #<Companion::Data:0x007fd49313a5a0>[0m
I, [2016-05-16T19:02:42.018901 #49960]  INFO -- : [1;32mCompanion started.[0m
D, [2016-05-16T19:02:42.027360 #49960] DEBUG -- : [1;33mCompanion::Manager[0m
D, [2016-05-16T19:02:42.027443 #49960] DEBUG -- : [1;33mCompanion::Manager[0m
D, [2016-05-16T19:02:42.027474 #49960] DEBUG -- : [1;33mCompanion::Manager[0m
D, [2016-05-16T19:02:42.027647 #49960] DEBUG -- : [1;33mCompanion::Manager[0m
D, [2016-05-16T19:02:42.027681 #49960] DEBUG -- : [1;33mCompanion::Manager[0m
D, [2016-05-16T19:02:42.027809 #49960] DEBUG -- : [1;33mCompanion::Manager[0m
D, [2016-05-16T19:02:42.027908 #49960] DEBUG -- : [1;33mCompanion::Manager[0m
D, [2016-05-16T19:02:42.028034 #49960] DEBUG -- : [1;33mmain[0m
D, [2016-05-16T19:02:42.028065 #49960] DEBUG -- : [1;34mmain[0m
D, [2016-05-16T19:02:42.029634 #49960] DEBUG -- : [1;31mProgram raised error: undefined method `klass=' for #<Companion::Data:0x007fed2a0a6580>[0m
I, [2016-05-16T19:02:51.014408 #50009]  INFO -- : [1;32mCompanion started.[0m
D, [2016-05-16T19:02:51.023431 #50009] DEBUG -- : [1;33mCompanion::Manager[0m
D, [2016-05-16T19:02:51.023510 #50009] DEBUG -- : [1;33mCompanion::Manager[0m
D, [2016-05-16T19:02:51.023543 #50009] DEBUG -- : [1;33mCompanion::Manager[0m
D, [2016-05-16T19:02:51.023752 #50009] DEBUG -- : [1;33mCompanion::Manager[0m
D, [2016-05-16T19:02:51.023810 #50009] DEBUG -- : [1;33mCompanion::Manager[0m
D, [2016-05-16T19:02:51.024029 #50009] DEBUG -- : [1;33mCompanion::Manager[0m
D, [2016-05-16T19:02:51.024067 #50009] DEBUG -- : [1;33mCompanion::Manager[0m
D, [2016-05-16T19:02:51.024279 #50009] DEBUG -- : [1;33mmain[0m
D, [2016-05-16T19:02:51.024309 #50009] DEBUG -- : [1;34mmain[0m
D, [2016-05-16T19:02:51.024493 #50009] DEBUG -- : [1;33mmain[0m
D, [2016-05-16T19:02:51.024523 #50009] DEBUG -- : [1;34mmain[0m
D, [2016-05-16T19:02:51.024678 #50009] DEBUG -- : [1;33mmain[0m
D, [2016-05-16T19:02:51.024711 #50009] DEBUG -- : [1;34mmain[0m
D, [2016-05-16T19:02:51.024974 #50009] DEBUG -- : [1;33mTestFun[0m
D, [2016-05-16T19:02:51.025019 #50009] DEBUG -- : [1;34mTestFun[0m
D, [2016-05-16T19:02:51.025284 #50009] DEBUG -- : [1;33mTestFun[0m
D, [2016-05-16T19:02:51.025317 #50009] DEBUG -- : [1;34mTestFun[0m
D, [2016-05-16T19:02:51.025462 #50009] DEBUG -- : [1;33mTestFun[0m
D, [2016-05-16T19:02:51.025499 #50009] DEBUG -- : [1;34mTestFun[0m
D, [2016-05-16T19:02:51.025678 #50009] DEBUG -- : [1;33mTestFun[0m
D, [2016-05-16T19:02:51.025712 #50009] DEBUG -- : [1;34mTestFun[0m
D, [2016-05-16T19:02:51.025890 #50009] DEBUG -- : [1;33mTestFun[0m
D, [2016-05-16T19:02:51.025921 #50009] DEBUG -- : [1;34mTestFun[0m
D, [2016-05-16T19:02:51.026051 #50009] DEBUG -- : [1;33mTestFun[0m
D, [2016-05-16T19:02:51.026087 #50009] DEBUG -- : [1;34mTestFun[0m
D, [2016-05-16T19:02:51.026294 #50009] DEBUG -- : [1;33mTestFun[0m
D, [2016-05-16T19:02:51.026327 #50009] DEBUG -- : [1;34mTestFun[0m
D, [2016-05-16T19:02:51.026558 #50009] DEBUG -- : [1;33mTestFun[0m
D, [2016-05-16T19:02:51.026597 #50009] DEBUG -- : [1;34mTestFun[0m
D, [2016-05-16T19:02:51.026845 #50009] DEBUG -- : [1;33mTestFun[0m
D, [2016-05-16T19:02:51.026878 #50009] DEBUG -- : [1;34mTestFun[0m
D, [2016-05-16T19:02:51.027037 #50009] DEBUG -- : [1;33mTestFun[0m
D, [2016-05-16T19:02:51.027069 #50009] DEBUG -- : [1;34mTestFun[0m
D, [2016-05-16T19:02:51.027238 #50009] DEBUG -- : [1;33mTestFun[0m
D, [2016-05-16T19:02:51.027270 #50009] DEBUG -- : [1;34mTestFun[0m
D, [2016-05-16T19:02:51.027411 #50009] DEBUG -- : [1;33mTestFun[0m
D, [2016-05-16T19:02:51.027519 #50009] DEBUG -- : [1;34mTestFun[0m
D, [2016-05-16T19:02:51.027772 #50009] DEBUG -- : [1;33mTestFun[0m
D, [2016-05-16T19:02:51.027829 #50009] DEBUG -- : [1;34mTestFun[0m
D, [2016-05-16T19:02:51.028148 #50009] DEBUG -- : [1;33mTestFun[0m
D, [2016-05-16T19:02:51.028220 #50009] DEBUG -- : [1;34mTestFun[0m
D, [2016-05-16T19:02:51.028488 #50009] DEBUG -- : [1;33mTestFun[0m
D, [2016-05-16T19:02:51.028524 #50009] DEBUG -- : [1;34mTestFun[0m
D, [2016-05-16T19:02:51.028984 #50009] DEBUG -- : [1;33mTestFun[0m
D, [2016-05-16T19:02:51.029030 #50009] DEBUG -- : [1;34mTestFun[0m
D, [2016-05-16T19:02:51.029154 #50009] DEBUG -- : [1;33mTestFun[0m
D, [2016-05-16T19:02:51.029181 #50009] DEBUG -- : [1;34mTestFun[0m
D, [2016-05-16T19:02:51.029292 #50009] DEBUG -- : [1;33mTestFun[0m
D, [2016-05-16T19:02:51.029320 #50009] DEBUG -- : [1;34mTestFun[0m
D, [2016-05-16T19:02:51.029597 #50009] DEBUG -- : [1;33mTestFun[0m
D, [2016-05-16T19:02:51.029625 #50009] DEBUG -- : [1;34mTestFun[0m
D, [2016-05-16T19:02:51.029736 #50009] DEBUG -- : [1;33mCompanion::Manager[0m
D, [2016-05-16T19:02:51.029780 #50009] DEBUG -- : [1;33mCompanion::Manager[0m
D, [2016-05-16T19:02:51.029804 #50009] DEBUG -- : [1;33mCompanion::Manager[0m
I, [2016-05-16T19:03:05.989062 #50097]  INFO -- : [1;32mCompanion started.[0m
D, [2016-05-16T19:03:05.998409 #50097] DEBUG -- : [1;33mCompanion::Manager[0m
D, [2016-05-16T19:03:05.998491 #50097] DEBUG -- : [1;33mCompanion::Manager[0m
D, [2016-05-16T19:03:05.998521 #50097] DEBUG -- : [1;33mCompanion::Manager[0m
D, [2016-05-16T19:03:05.998686 #50097] DEBUG -- : [1;33mCompanion::Manager[0m
D, [2016-05-16T19:03:05.998716 #50097] DEBUG -- : [1;33mCompanion::Manager[0m
D, [2016-05-16T19:03:06.000737 #50097] DEBUG -- : [1;33mCompanion::Manager[0m
D, [2016-05-16T19:03:06.000826 #50097] DEBUG -- : [1;33mCompanion::Manager[0m
D, [2016-05-16T19:03:06.001025 #50097] DEBUG -- : [1;33mmain[0m
D, [2016-05-16T19:03:06.001062 #50097] DEBUG -- : [1;34mmain[0m
D, [2016-05-16T19:03:06.002909 #50097] DEBUG -- : [1;31mProgram raised error: undefined method `klass=' for #<Companion::Data:0x007fbd7913a1f8>[0m
I, [2016-05-16T19:03:34.916225 #50214]  INFO -- : [1;32mCompanion started.[0m
D, [2016-05-16T19:03:34.924515 #50214] DEBUG -- : [1;33mCompanion::Manager[0m
D, [2016-05-16T19:03:34.924593 #50214] DEBUG -- : [1;33mCompanion::Manager[0m
D, [2016-05-16T19:03:34.924628 #50214] DEBUG -- : [1;33mCompanion::Manager[0m
D, [2016-05-16T19:03:34.924800 #50214] DEBUG -- : [1;33mCompanion::Manager[0m
D, [2016-05-16T19:03:34.924834 #50214] DEBUG -- : [1;33mCompanion::Manager[0m
D, [2016-05-16T19:03:34.925039 #50214] DEBUG -- : [1;33mCompanion::Manager[0m
D, [2016-05-16T19:03:34.925071 #50214] DEBUG -- : [1;33mCompanion::Manager[0m
D, [2016-05-16T19:03:34.925191 #50214] DEBUG -- : [1;33mmain[0m
D, [2016-05-16T19:03:34.925223 #50214] DEBUG -- : [1;34mmain[0m
D, [2016-05-16T19:03:34.925465 #50214] DEBUG -- : [1;33mmain[0m
D, [2016-05-16T19:03:34.925498 #50214] DEBUG -- : [1;34mmain[0m
D, [2016-05-16T19:03:34.925699 #50214] DEBUG -- : [1;33mmain[0m
D, [2016-05-16T19:03:34.925725 #50214] DEBUG -- : [1;34mmain[0m
D, [2016-05-16T19:03:34.925868 #50214] DEBUG -- : [1;33mTestFun[0m
D, [2016-05-16T19:03:34.925897 #50214] DEBUG -- : [1;34mTestFun[0m
D, [2016-05-16T19:03:34.926012 #50214] DEBUG -- : [1;33mTestFun[0m
D, [2016-05-16T19:03:34.926081 #50214] DEBUG -- : [1;34mTestFun[0m
D, [2016-05-16T19:03:34.926212 #50214] DEBUG -- : [1;33mTestFun[0m
D, [2016-05-16T19:03:34.926238 #50214] DEBUG -- : [1;34mTestFun[0m
D, [2016-05-16T19:03:34.926339 #50214] DEBUG -- : [1;33mTestFun[0m
D, [2016-05-16T19:03:34.926368 #50214] DEBUG -- : [1;34mTestFun[0m
D, [2016-05-16T19:03:34.926535 #50214] DEBUG -- : [1;33mTestFun[0m
D, [2016-05-16T19:03:34.926562 #50214] DEBUG -- : [1;34mTestFun[0m
D, [2016-05-16T19:03:34.926670 #50214] DEBUG -- : [1;33mTestFun[0m
D, [2016-05-16T19:03:34.926698 #50214] DEBUG -- : [1;34mTestFun[0m
D, [2016-05-16T19:03:34.926842 #50214] DEBUG -- : [1;33mTestFun[0m
D, [2016-05-16T19:03:34.926867 #50214] DEBUG -- : [1;34mTestFun[0m
D, [2016-05-16T19:03:34.927005 #50214] DEBUG -- : [1;33mTestFun[0m
D, [2016-05-16T19:03:34.927033 #50214] DEBUG -- : [1;34mTestFun[0m
D, [2016-05-16T19:03:34.927197 #50214] DEBUG -- : [1;33mTestFun[0m
D, [2016-05-16T19:03:34.927224 #50214] DEBUG -- : [1;34mTestFun[0m
D, [2016-05-16T19:03:34.927377 #50214] DEBUG -- : [1;33mTestFun[0m
D, [2016-05-16T19:03:34.927403 #50214] DEBUG -- : [1;34mTestFun[0m
D, [2016-05-16T19:03:34.927528 #50214] DEBUG -- : [1;33mTestFun[0m
D, [2016-05-16T19:03:34.927552 #50214] DEBUG -- : [1;34mTestFun[0m
D, [2016-05-16T19:03:34.927676 #50214] DEBUG -- : [1;33mTestFun[0m
D, [2016-05-16T19:03:34.927738 #50214] DEBUG -- : [1;34mTestFun[0m
D, [2016-05-16T19:03:34.927837 #50214] DEBUG -- : [1;33mTestFun[0m
D, [2016-05-16T19:03:34.927861 #50214] DEBUG -- : [1;34mTestFun[0m
D, [2016-05-16T19:03:34.928009 #50214] DEBUG -- : [1;33mTestFun[0m
D, [2016-05-16T19:03:34.928034 #50214] DEBUG -- : [1;34mTestFun[0m
D, [2016-05-16T19:03:34.928205 #50214] DEBUG -- : [1;33mTestFun[0m
D, [2016-05-16T19:03:34.928230 #50214] DEBUG -- : [1;34mTestFun[0m
D, [2016-05-16T19:03:34.928326 #50214] DEBUG -- : [1;33mTestFun[0m
D, [2016-05-16T19:03:34.928348 #50214] DEBUG -- : [1;34mTestFun[0m
D, [2016-05-16T19:03:34.928469 #50214] DEBUG -- : [1;33mTestFun[0m
D, [2016-05-16T19:03:34.928492 #50214] DEBUG -- : [1;34mTestFun[0m
D, [2016-05-16T19:03:34.928586 #50214] DEBUG -- : [1;33mTestFun[0m
D, [2016-05-16T19:03:34.928646 #50214] DEBUG -- : [1;34mTestFun[0m
D, [2016-05-16T19:03:34.928742 #50214] DEBUG -- : [1;33mTestFun[0m
D, [2016-05-16T19:03:34.928765 #50214] DEBUG -- : [1;34mTestFun[0m
D, [2016-05-16T19:03:34.928892 #50214] DEBUG -- : [1;33mCompanion::Manager[0m
D, [2016-05-16T19:03:34.928916 #50214] DEBUG -- : [1;33mCompanion::Manager[0m
D, [2016-05-16T19:03:34.928938 #50214] DEBUG -- : [1;33mCompanion::Manager[0m
D, [2016-05-16T19:03:45.494364 #50214] DEBUG -- : File changed.
D, [2016-05-16T19:03:45.498137 #50214] DEBUG -- : [1;33mCompanion::Manager[0m
D, [2016-05-16T19:03:45.498207 #50214] DEBUG -- : [1;33mCompanion::Manager[0m
D, [2016-05-16T19:03:45.498233 #50214] DEBUG -- : [1;33mCompanion::Manager[0m
D, [2016-05-16T19:03:45.498390 #50214] DEBUG -- : [1;33mCompanion::Manager[0m
D, [2016-05-16T19:03:45.498510 #50214] DEBUG -- : [1;33mCompanion::Manager[0m
D, [2016-05-16T19:03:45.498601 #50214] DEBUG -- : [1;33mCompanion::Manager[0m
D, [2016-05-16T19:03:45.498632 #50214] DEBUG -- : [1;33mCompanion::Manager[0m
D, [2016-05-16T19:03:45.498763 #50214] DEBUG -- : [1;33mmain[0m
D, [2016-05-16T19:03:45.498794 #50214] DEBUG -- : [1;34mmain[0m
D, [2016-05-16T19:03:45.498984 #50214] DEBUG -- : [1;33mTestFun[0m
D, [2016-05-16T19:03:45.499011 #50214] DEBUG -- : [1;34mTestFun[0m
D, [2016-05-16T19:03:45.499163 #50214] DEBUG -- : [1;33mTestFun[0m
D, [2016-05-16T19:03:45.499190 #50214] DEBUG -- : [1;34mTestFun[0m
D, [2016-05-16T19:03:45.499567 #50214] DEBUG -- : [1;33mTestFun[0m
D, [2016-05-16T19:03:45.499596 #50214] DEBUG -- : [1;34mTestFun[0m
D, [2016-05-16T19:03:45.499779 #50214] DEBUG -- : [1;33mTestFun[0m
D, [2016-05-16T19:03:45.499822 #50214] DEBUG -- : [1;34mTestFun[0m
D, [2016-05-16T19:03:45.499979 #50214] DEBUG -- : [1;33mTestFun[0m
D, [2016-05-16T19:03:45.500020 #50214] DEBUG -- : [1;34mTestFun[0m
D, [2016-05-16T19:03:45.500276 #50214] DEBUG -- : [1;33mTestFun[0m
D, [2016-05-16T19:03:45.500313 #50214] DEBUG -- : [1;34mTestFun[0m
D, [2016-05-16T19:03:45.500466 #50214] DEBUG -- : [1;33mTestFun[0m
D, [2016-05-16T19:03:45.500496 #50214] DEBUG -- : [1;34mTestFun[0m
D, [2016-05-16T19:03:45.500650 #50214] DEBUG -- : [1;33mTestFun[0m
D, [2016-05-16T19:03:45.500704 #50214] DEBUG -- : [1;34mTestFun[0m
D, [2016-05-16T19:03:45.501036 #50214] DEBUG -- : [1;33mTestFun[0m
D, [2016-05-16T19:03:45.501069 #50214] DEBUG -- : [1;34mTestFun[0m
D, [2016-05-16T19:03:45.501284 #50214] DEBUG -- : [1;33mTestFun[0m
D, [2016-05-16T19:03:45.501319 #50214] DEBUG -- : [1;34mTestFun[0m
D, [2016-05-16T19:03:45.501529 #50214] DEBUG -- : [1;33mTestFun[0m
D, [2016-05-16T19:03:45.501560 #50214] DEBUG -- : [1;34mTestFun[0m
D, [2016-05-16T19:03:45.501716 #50214] DEBUG -- : [1;33mTestFun[0m
D, [2016-05-16T19:03:45.501751 #50214] DEBUG -- : [1;34mTestFun[0m
D, [2016-05-16T19:03:45.502033 #50214] DEBUG -- : [1;33mTestFun[0m
D, [2016-05-16T19:03:45.502062 #50214] DEBUG -- : [1;34mTestFun[0m
D, [2016-05-16T19:03:45.502195 #50214] DEBUG -- : [1;33mTestFun[0m
D, [2016-05-16T19:03:45.502233 #50214] DEBUG -- : [1;34mTestFun[0m
D, [2016-05-16T19:03:45.502386 #50214] DEBUG -- : [1;33mTestFun[0m
D, [2016-05-16T19:03:45.502414 #50214] DEBUG -- : [1;34mTestFun[0m
D, [2016-05-16T19:03:45.502546 #50214] DEBUG -- : [1;33mTestFun[0m
D, [2016-05-16T19:03:45.502582 #50214] DEBUG -- : [1;34mTestFun[0m
D, [2016-05-16T19:03:45.502728 #50214] DEBUG -- : [1;33mTestFun[0m
D, [2016-05-16T19:03:45.502755 #50214] DEBUG -- : [1;34mTestFun[0m
D, [2016-05-16T19:03:45.503029 #50214] DEBUG -- : [1;33mTestFun[0m
D, [2016-05-16T19:03:45.503082 #50214] DEBUG -- : [1;34mTestFun[0m
D, [2016-05-16T19:03:45.503253 #50214] DEBUG -- : [1;33mTestFun[0m
D, [2016-05-16T19:03:45.503291 #50214] DEBUG -- : [1;34mTestFun[0m
D, [2016-05-16T19:03:45.503445 #50214] DEBUG -- : [1;33mCompanion::Manager[0m
D, [2016-05-16T19:03:45.503482 #50214] DEBUG -- : [1;33mCompanion::Manager[0m
D, [2016-05-16T19:03:45.503621 #50214] DEBUG -- : [1;33mCompanion::Manager[0m
I, [2016-05-16T19:03:59.438292 #50305]  INFO -- : [1;32mCompanion started.[0m
D, [2016-05-16T19:03:59.446365 #50305] DEBUG -- : [1;33mCompanion::Manager[0m
D, [2016-05-16T19:03:59.446436 #50305] DEBUG -- : [1;33mCompanion::Manager[0m
D, [2016-05-16T19:03:59.446471 #50305] DEBUG -- : [1;33mCompanion::Manager[0m
D, [2016-05-16T19:03:59.446670 #50305] DEBUG -- : [1;33mCompanion::Manager[0m
D, [2016-05-16T19:03:59.446709 #50305] DEBUG -- : [1;33mCompanion::Manager[0m
D, [2016-05-16T19:03:59.446936 #50305] DEBUG -- : [1;33mCompanion::Manager[0m
D, [2016-05-16T19:03:59.446976 #50305] DEBUG -- : [1;33mCompanion::Manager[0m
D, [2016-05-16T19:03:59.447121 #50305] DEBUG -- : [1;33mmain[0m
D, [2016-05-16T19:03:59.447173 #50305] DEBUG -- : [1;34mmain[0m
D, [2016-05-16T19:03:59.447402 #50305] DEBUG -- : [1;33mmain[0m
D, [2016-05-16T19:03:59.447463 #50305] DEBUG -- : [1;34mmain[0m
D, [2016-05-16T19:03:59.447565 #50305] DEBUG -- : [1;33mmain[0m
D, [2016-05-16T19:03:59.447650 #50305] DEBUG -- : [1;34mmain[0m
D, [2016-05-16T19:03:59.447744 #50305] DEBUG -- : [1;33mTestFun[0m
D, [2016-05-16T19:03:59.447769 #50305] DEBUG -- : [1;34mTestFun[0m
D, [2016-05-16T19:03:59.447903 #50305] DEBUG -- : [1;33mTestFun[0m
D, [2016-05-16T19:03:59.447929 #50305] DEBUG -- : [1;34mTestFun[0m
D, [2016-05-16T19:03:59.448054 #50305] DEBUG -- : [1;33mTestFun[0m
D, [2016-05-16T19:03:59.448080 #50305] DEBUG -- : [1;34mTestFun[0m
D, [2016-05-16T19:03:59.448168 #50305] DEBUG -- : [1;33mTestFun[0m
D, [2016-05-16T19:03:59.448224 #50305] DEBUG -- : [1;34mTestFun[0m
D, [2016-05-16T19:03:59.448338 #50305] DEBUG -- : [1;33mTestFun[0m
D, [2016-05-16T19:03:59.448454 #50305] DEBUG -- : [1;34mTestFun[0m
D, [2016-05-16T19:03:59.448581 #50305] DEBUG -- : [1;33mTestFun[0m
D, [2016-05-16T19:03:59.448606 #50305] DEBUG -- : [1;34mTestFun[0m
D, [2016-05-16T19:03:59.448788 #50305] DEBUG -- : [1;33mTestFun[0m
D, [2016-05-16T19:03:59.448840 #50305] DEBUG -- : [1;34mTestFun[0m
D, [2016-05-16T19:03:59.449074 #50305] DEBUG -- : [1;33mTestFun[0m
D, [2016-05-16T19:03:59.449100 #50305] DEBUG -- : [1;34mTestFun[0m
D, [2016-05-16T19:03:59.449280 #50305] DEBUG -- : [1;33mTestFun[0m
D, [2016-05-16T19:03:59.449305 #50305] DEBUG -- : [1;34mTestFun[0m
D, [2016-05-16T19:03:59.449407 #50305] DEBUG -- : [1;33mTestFun[0m
D, [2016-05-16T19:03:59.449432 #50305] DEBUG -- : [1;34mTestFun[0m
D, [2016-05-16T19:03:59.449576 #50305] DEBUG -- : [1;33mTestFun[0m
D, [2016-05-16T19:03:59.449601 #50305] DEBUG -- : [1;34mTestFun[0m
D, [2016-05-16T19:03:59.449702 #50305] DEBUG -- : [1;33mTestFun[0m
D, [2016-05-16T19:03:59.449726 #50305] DEBUG -- : [1;34mTestFun[0m
D, [2016-05-16T19:03:59.449865 #50305] DEBUG -- : [1;33mTestFun[0m
D, [2016-05-16T19:03:59.449892 #50305] DEBUG -- : [1;34mTestFun[0m
D, [2016-05-16T19:03:59.450209 #50305] DEBUG -- : [1;33mTestFun[0m
D, [2016-05-16T19:03:59.450236 #50305] DEBUG -- : [1;34mTestFun[0m
D, [2016-05-16T19:03:59.450341 #50305] DEBUG -- : [1;33mTestFun[0m
D, [2016-05-16T19:03:59.450365 #50305] DEBUG -- : [1;34mTestFun[0m
D, [2016-05-16T19:03:59.450465 #50305] DEBUG -- : [1;33mTestFun[0m
D, [2016-05-16T19:03:59.450489 #50305] DEBUG -- : [1;34mTestFun[0m
D, [2016-05-16T19:03:59.450595 #50305] DEBUG -- : [1;33mTestFun[0m
D, [2016-05-16T19:03:59.450620 #50305] DEBUG -- : [1;34mTestFun[0m
D, [2016-05-16T19:03:59.450718 #50305] DEBUG -- : [1;33mTestFun[0m
D, [2016-05-16T19:03:59.450743 #50305] DEBUG -- : [1;34mTestFun[0m
D, [2016-05-16T19:03:59.450926 #50305] DEBUG -- : [1;33mTestFun[0m
D, [2016-05-16T19:03:59.450951 #50305] DEBUG -- : [1;34mTestFun[0m
D, [2016-05-16T19:03:59.451083 #50305] DEBUG -- : [1;33mCompanion::Manager[0m
D, [2016-05-16T19:03:59.451110 #50305] DEBUG -- : [1;33mCompanion::Manager[0m
D, [2016-05-16T19:03:59.451177 #50305] DEBUG -- : [1;33mCompanion::Manager[0m
I, [2016-05-16T19:06:16.397536 #50432]  INFO -- : [1;32mCompanion started.[0m
D, [2016-05-16T19:06:16.405972 #50432] DEBUG -- : [1;33mCompanion::Manager[0m
D, [2016-05-16T19:06:16.406047 #50432] DEBUG -- : [1;33mCompanion::Manager[0m
D, [2016-05-16T19:06:16.406090 #50432] DEBUG -- : [1;33mCompanion::Manager[0m
D, [2016-05-16T19:06:16.406264 #50432] DEBUG -- : [1;33mCompanion::Manager[0m
D, [2016-05-16T19:06:16.406300 #50432] DEBUG -- : [1;33mCompanion::Manager[0m
D, [2016-05-16T19:06:16.406535 #50432] DEBUG -- : [1;33mCompanion::Manager[0m
D, [2016-05-16T19:06:16.406566 #50432] DEBUG -- : [1;33mCompanion::Manager[0m
D, [2016-05-16T19:06:16.406702 #50432] DEBUG -- : [1;33mmain[0m
D, [2016-05-16T19:06:16.406733 #50432] DEBUG -- : [1;34mmain[0m
D, [2016-05-16T19:06:16.406991 #50432] DEBUG -- : [1;33mmain[0m
D, [2016-05-16T19:06:16.407044 #50432] DEBUG -- : [1;34mmain[0m
D, [2016-05-16T19:06:16.407252 #50432] DEBUG -- : [1;33mmain[0m
D, [2016-05-16T19:06:16.407315 #50432] DEBUG -- : [1;34mmain[0m
D, [2016-05-16T19:06:16.407429 #50432] DEBUG -- : [1;33mTestFun[0m
D, [2016-05-16T19:06:16.407499 #50432] DEBUG -- : [1;34mTestFun[0m
D, [2016-05-16T19:06:16.407653 #50432] DEBUG -- : [1;33mTestFun[0m
D, [2016-05-16T19:06:16.407679 #50432] DEBUG -- : [1;34mTestFun[0m
D, [2016-05-16T19:06:16.407772 #50432] DEBUG -- : [1;33mTestFun[0m
D, [2016-05-16T19:06:16.407798 #50432] DEBUG -- : [1;34mTestFun[0m
D, [2016-05-16T19:06:16.407997 #50432] DEBUG -- : [1;33mTestFun[0m
D, [2016-05-16T19:06:16.408025 #50432] DEBUG -- : [1;34mTestFun[0m
D, [2016-05-16T19:06:16.408120 #50432] DEBUG -- : [1;33mTestFun[0m
D, [2016-05-16T19:06:16.408157 #50432] DEBUG -- : [1;34mTestFun[0m
D, [2016-05-16T19:06:16.408319 #50432] DEBUG -- : [1;33mTestFun[0m
D, [2016-05-16T19:06:16.408346 #50432] DEBUG -- : [1;34mTestFun[0m
D, [2016-05-16T19:06:16.408507 #50432] DEBUG -- : [1;33mTestFun[0m
D, [2016-05-16T19:06:16.408533 #50432] DEBUG -- : [1;34mTestFun[0m
D, [2016-05-16T19:06:16.408720 #50432] DEBUG -- : [1;33mTestFun[0m
D, [2016-05-16T19:06:16.408746 #50432] DEBUG -- : [1;34mTestFun[0m
D, [2016-05-16T19:06:16.408904 #50432] DEBUG -- : [1;33mTestFun[0m
D, [2016-05-16T19:06:16.408931 #50432] DEBUG -- : [1;34mTestFun[0m
D, [2016-05-16T19:06:16.409090 #50432] DEBUG -- : [1;33mTestFun[0m
D, [2016-05-16T19:06:16.409119 #50432] DEBUG -- : [1;34mTestFun[0m
D, [2016-05-16T19:06:16.409225 #50432] DEBUG -- : [1;33mTestFun[0m
D, [2016-05-16T19:06:16.409251 #50432] DEBUG -- : [1;34mTestFun[0m
D, [2016-05-16T19:06:16.409414 #50432] DEBUG -- : [1;33mTestFun[0m
D, [2016-05-16T19:06:16.409440 #50432] DEBUG -- : [1;34mTestFun[0m
D, [2016-05-16T19:06:16.409547 #50432] DEBUG -- : [1;33mTestFun[0m
D, [2016-05-16T19:06:16.409572 #50432] DEBUG -- : [1;34mTestFun[0m
D, [2016-05-16T19:06:16.409676 #50432] DEBUG -- : [1;33mTestFun[0m
D, [2016-05-16T19:06:16.409732 #50432] DEBUG -- : [1;34mTestFun[0m
D, [2016-05-16T19:06:16.409838 #50432] DEBUG -- : [1;33mTestFun[0m
D, [2016-05-16T19:06:16.409863 #50432] DEBUG -- : [1;34mTestFun[0m
D, [2016-05-16T19:06:16.410032 #50432] DEBUG -- : [1;33mTestFun[0m
D, [2016-05-16T19:06:16.410057 #50432] DEBUG -- : [1;34mTestFun[0m
D, [2016-05-16T19:06:16.410453 #50432] DEBUG -- : [1;33mTestFun[0m
D, [2016-05-16T19:06:16.410483 #50432] DEBUG -- : [1;34mTestFun[0m
D, [2016-05-16T19:06:16.410584 #50432] DEBUG -- : [1;33mTestFun[0m
D, [2016-05-16T19:06:16.410608 #50432] DEBUG -- : [1;34mTestFun[0m
D, [2016-05-16T19:06:16.410708 #50432] DEBUG -- : [1;33mTestFun[0m
D, [2016-05-16T19:06:16.410732 #50432] DEBUG -- : [1;34mTestFun[0m
D, [2016-05-16T19:06:16.410898 #50432] DEBUG -- : [1;33mCompanion::Manager[0m
D, [2016-05-16T19:06:16.410943 #50432] DEBUG -- : [1;33mCompanion::Manager[0m
D, [2016-05-16T19:06:16.411014 #50432] DEBUG -- : [1;33mCompanion::Manager[0m
I, [2016-05-16T19:08:16.697399 #50700]  INFO -- : [1;32mCompanion started.[0m
D, [2016-05-16T19:08:16.707363 #50700] DEBUG -- : [1;33mCompanion::Manager[0m
D, [2016-05-16T19:08:16.707456 #50700] DEBUG -- : [1;33mCompanion::Manager[0m
D, [2016-05-16T19:08:16.707499 #50700] DEBUG -- : [1;33mCompanion::Manager[0m
D, [2016-05-16T19:08:16.707702 #50700] DEBUG -- : [1;33mCompanion::Manager[0m
D, [2016-05-16T19:08:16.707734 #50700] DEBUG -- : [1;33mCompanion::Manager[0m
D, [2016-05-16T19:08:16.707875 #50700] DEBUG -- : [1;33mCompanion::Manager[0m
D, [2016-05-16T19:08:16.707906 #50700] DEBUG -- : [1;33mCompanion::Manager[0m
D, [2016-05-16T19:08:16.708019 #50700] DEBUG -- : [1;33mmain[0m
D, [2016-05-16T19:08:16.708049 #50700] DEBUG -- : [1;34mmain[0m
D, [2016-05-16T19:08:16.708254 #50700] DEBUG -- : [1;33mmain[0m
D, [2016-05-16T19:08:16.708289 #50700] DEBUG -- : [1;34mmain[0m
D, [2016-05-16T19:08:16.708424 #50700] DEBUG -- : [1;33mmain[0m
D, [2016-05-16T19:08:16.708456 #50700] DEBUG -- : [1;34mmain[0m
D, [2016-05-16T19:08:16.708644 #50700] DEBUG -- : [1;33mTestFun[0m
D, [2016-05-16T19:08:16.708672 #50700] DEBUG -- : [1;34mTestFun[0m
D, [2016-05-16T19:08:16.708822 #50700] DEBUG -- : [1;33mTestFun[0m
D, [2016-05-16T19:08:16.708849 #50700] DEBUG -- : [1;34mTestFun[0m
D, [2016-05-16T19:08:16.708954 #50700] DEBUG -- : [1;33mTestFun[0m
D, [2016-05-16T19:08:16.709016 #50700] DEBUG -- : [1;34mTestFun[0m
D, [2016-05-16T19:08:16.709112 #50700] DEBUG -- : [1;33mTestFun[0m
D, [2016-05-16T19:08:16.709137 #50700] DEBUG -- : [1;34mTestFun[0m
D, [2016-05-16T19:08:16.709284 #50700] DEBUG -- : [1;33mTestFun[0m
D, [2016-05-16T19:08:16.709310 #50700] DEBUG -- : [1;34mTestFun[0m
D, [2016-05-16T19:08:16.709564 #50700] DEBUG -- : [1;33mTestFun[0m
D, [2016-05-16T19:08:16.709600 #50700] DEBUG -- : [1;34mTestFun[0m
D, [2016-05-16T19:08:16.709816 #50700] DEBUG -- : [1;33mTestFun[0m
D, [2016-05-16T19:08:16.709851 #50700] DEBUG -- : [1;34mTestFun[0m
D, [2016-05-16T19:08:16.710155 #50700] DEBUG -- : [1;33mTestFun[0m
D, [2016-05-16T19:08:16.710209 #50700] DEBUG -- : [1;34mTestFun[0m
D, [2016-05-16T19:08:16.710467 #50700] DEBUG -- : [1;33mTestFun[0m
D, [2016-05-16T19:08:16.710500 #50700] DEBUG -- : [1;34mTestFun[0m
D, [2016-05-16T19:08:16.710745 #50700] DEBUG -- : [1;33mTestFun[0m
D, [2016-05-16T19:08:16.710795 #50700] DEBUG -- : [1;34mTestFun[0m
D, [2016-05-16T19:08:16.711103 #50700] DEBUG -- : [1;33mTestFun[0m
D, [2016-05-16T19:08:16.711148 #50700] DEBUG -- : [1;34mTestFun[0m
D, [2016-05-16T19:08:16.711355 #50700] DEBUG -- : [1;33mTestFun[0m
D, [2016-05-16T19:08:16.711397 #50700] DEBUG -- : [1;34mTestFun[0m
D, [2016-05-16T19:08:16.711652 #50700] DEBUG -- : [1;33mTestFun[0m
D, [2016-05-16T19:08:16.711711 #50700] DEBUG -- : [1;34mTestFun[0m
D, [2016-05-16T19:08:16.711999 #50700] DEBUG -- : [1;33mTestFun[0m
D, [2016-05-16T19:08:16.712036 #50700] DEBUG -- : [1;34mTestFun[0m
D, [2016-05-16T19:08:16.712614 #50700] DEBUG -- : [1;33mTestFun[0m
D, [2016-05-16T19:08:16.712657 #50700] DEBUG -- : [1;34mTestFun[0m
D, [2016-05-16T19:08:16.712799 #50700] DEBUG -- : [1;33mTestFun[0m
D, [2016-05-16T19:08:16.712859 #50700] DEBUG -- : [1;34mTestFun[0m
D, [2016-05-16T19:08:16.712988 #50700] DEBUG -- : [1;33mTestFun[0m
D, [2016-05-16T19:08:16.713032 #50700] DEBUG -- : [1;34mTestFun[0m
D, [2016-05-16T19:08:16.713188 #50700] DEBUG -- : [1;33mTestFun[0m
D, [2016-05-16T19:08:16.713216 #50700] DEBUG -- : [1;34mTestFun[0m
D, [2016-05-16T19:08:16.713415 #50700] DEBUG -- : [1;33mTestFun[0m
D, [2016-05-16T19:08:16.713442 #50700] DEBUG -- : [1;34mTestFun[0m
D, [2016-05-16T19:08:16.713551 #50700] DEBUG -- : [1;33mCompanion::Manager[0m
D, [2016-05-16T19:08:16.713577 #50700] DEBUG -- : [1;33mCompanion::Manager[0m
D, [2016-05-16T19:08:16.713600 #50700] DEBUG -- : [1;33mCompanion::Manager[0m
D, [2016-05-16T19:08:28.277209 #50700] DEBUG -- : File changed.
D, [2016-05-16T19:08:28.281738 #50700] DEBUG -- : [1;33mCompanion::Manager[0m
D, [2016-05-16T19:08:28.281805 #50700] DEBUG -- : [1;33mCompanion::Manager[0m
D, [2016-05-16T19:08:28.281867 #50700] DEBUG -- : [1;33mCompanion::Manager[0m
D, [2016-05-16T19:08:28.282046 #50700] DEBUG -- : [1;33mCompanion::Manager[0m
D, [2016-05-16T19:08:28.282078 #50700] DEBUG -- : [1;33mCompanion::Manager[0m
D, [2016-05-16T19:08:28.282195 #50700] DEBUG -- : [1;33mCompanion::Manager[0m
D, [2016-05-16T19:08:28.282233 #50700] DEBUG -- : [1;33mCompanion::Manager[0m
D, [2016-05-16T19:08:28.282406 #50700] DEBUG -- : [1;33mmain[0m
D, [2016-05-16T19:08:28.282439 #50700] DEBUG -- : [1;34mmain[0m
D, [2016-05-16T19:08:28.282853 #50700] DEBUG -- : [1;33mTestFun[0m
D, [2016-05-16T19:08:28.282893 #50700] DEBUG -- : [1;34mTestFun[0m
D, [2016-05-16T19:08:28.283067 #50700] DEBUG -- : [1;33mTestFun[0m
D, [2016-05-16T19:08:28.283098 #50700] DEBUG -- : [1;34mTestFun[0m
D, [2016-05-16T19:08:28.283256 #50700] DEBUG -- : [1;33mTestFun[0m
D, [2016-05-16T19:08:28.283287 #50700] DEBUG -- : [1;34mTestFun[0m
D, [2016-05-16T19:08:28.283423 #50700] DEBUG -- : [1;33mTestFun[0m
D, [2016-05-16T19:08:28.283453 #50700] DEBUG -- : [1;34mTestFun[0m
D, [2016-05-16T19:08:28.283709 #50700] DEBUG -- : [1;33mTestFun[0m
D, [2016-05-16T19:08:28.283739 #50700] DEBUG -- : [1;34mTestFun[0m
D, [2016-05-16T19:08:28.283874 #50700] DEBUG -- : [1;33mTestFun[0m
D, [2016-05-16T19:08:28.283908 #50700] DEBUG -- : [1;34mTestFun[0m
D, [2016-05-16T19:08:28.284040 #50700] DEBUG -- : [1;33mTestFun[0m
D, [2016-05-16T19:08:28.284167 #50700] DEBUG -- : [1;34mTestFun[0m
D, [2016-05-16T19:08:28.284300 #50700] DEBUG -- : [1;33mTestFun[0m
D, [2016-05-16T19:08:28.284331 #50700] DEBUG -- : [1;34mTestFun[0m
D, [2016-05-16T19:08:28.284446 #50700] DEBUG -- : [1;33mTestFun[0m
D, [2016-05-16T19:08:28.284475 #50700] DEBUG -- : [1;34mTestFun[0m
D, [2016-05-16T19:08:28.284591 #50700] DEBUG -- : [1;33mTestFun[0m
D, [2016-05-16T19:08:28.284621 #50700] DEBUG -- : [1;34mTestFun[0m
D, [2016-05-16T19:08:28.284742 #50700] DEBUG -- : [1;33mTestFun[0m
D, [2016-05-16T19:08:28.284865 #50700] DEBUG -- : [1;34mTestFun[0m
D, [2016-05-16T19:08:28.284993 #50700] DEBUG -- : [1;33mTestFun[0m
D, [2016-05-16T19:08:28.285020 #50700] DEBUG -- : [1;34mTestFun[0m
D, [2016-05-16T19:08:28.285156 #50700] DEBUG -- : [1;33mTestFun[0m
D, [2016-05-16T19:08:28.285186 #50700] DEBUG -- : [1;34mTestFun[0m
D, [2016-05-16T19:08:28.285306 #50700] DEBUG -- : [1;33mTestFun[0m
D, [2016-05-16T19:08:28.285332 #50700] DEBUG -- : [1;34mTestFun[0m
D, [2016-05-16T19:08:28.285533 #50700] DEBUG -- : [1;33mTestFun[0m
D, [2016-05-16T19:08:28.285563 #50700] DEBUG -- : [1;34mTestFun[0m
D, [2016-05-16T19:08:28.285680 #50700] DEBUG -- : [1;33mTestFun[0m
D, [2016-05-16T19:08:28.285706 #50700] DEBUG -- : [1;34mTestFun[0m
D, [2016-05-16T19:08:28.285815 #50700] DEBUG -- : [1;33mTestFun[0m
D, [2016-05-16T19:08:28.285842 #50700] DEBUG -- : [1;34mTestFun[0m
D, [2016-05-16T19:08:28.285966 #50700] DEBUG -- : [1;33mTestFun[0m
D, [2016-05-16T19:08:28.285999 #50700] DEBUG -- : [1;34mTestFun[0m
D, [2016-05-16T19:08:28.286144 #50700] DEBUG -- : [1;33mTestFun[0m
D, [2016-05-16T19:08:28.286186 #50700] DEBUG -- : [1;34mTestFun[0m
D, [2016-05-16T19:08:28.286364 #50700] DEBUG -- : [1;33mTestFun[0m
D, [2016-05-16T19:08:28.286399 #50700] DEBUG -- : [1;34mTestFun[0m
D, [2016-05-16T19:08:28.286658 #50700] DEBUG -- : [1;33mCompanion::Manager[0m
D, [2016-05-16T19:08:28.286688 #50700] DEBUG -- : [1;33mCompanion::Manager[0m
D, [2016-05-16T19:08:28.286714 #50700] DEBUG -- : [1;33mCompanion::Manager[0m
D, [2016-05-16T19:08:38.842566 #50700] DEBUG -- : File changed.
D, [2016-05-16T19:08:38.846708 #50700] DEBUG -- : [1;33mCompanion::Manager[0m
D, [2016-05-16T19:08:38.846781 #50700] DEBUG -- : [1;33mCompanion::Manager[0m
D, [2016-05-16T19:08:38.846826 #50700] DEBUG -- : [1;33mCompanion::Manager[0m
D, [2016-05-16T19:08:38.847016 #50700] DEBUG -- : [1;33mCompanion::Manager[0m
D, [2016-05-16T19:08:38.847060 #50700] DEBUG -- : [1;33mCompanion::Manager[0m
D, [2016-05-16T19:08:38.847375 #50700] DEBUG -- : [1;33mCompanion::Manager[0m
D, [2016-05-16T19:08:38.847426 #50700] DEBUG -- : [1;33mCompanion::Manager[0m
D, [2016-05-16T19:08:38.847655 #50700] DEBUG -- : [1;33mmain[0m
D, [2016-05-16T19:08:38.847691 #50700] DEBUG -- : [1;34mmain[0m
D, [2016-05-16T19:08:38.847895 #50700] DEBUG -- : [1;33mTestFun[0m
D, [2016-05-16T19:08:38.847927 #50700] DEBUG -- : [1;34mTestFun[0m
D, [2016-05-16T19:08:38.848124 #50700] DEBUG -- : [1;33mTestFun[0m
D, [2016-05-16T19:08:38.848165 #50700] DEBUG -- : [1;34mTestFun[0m
D, [2016-05-16T19:08:38.848409 #50700] DEBUG -- : [1;33mTestFun[0m
D, [2016-05-16T19:08:38.848444 #50700] DEBUG -- : [1;34mTestFun[0m
D, [2016-05-16T19:08:38.848561 #50700] DEBUG -- : [1;33mTestFun[0m
D, [2016-05-16T19:08:38.848589 #50700] DEBUG -- : [1;34mTestFun[0m
D, [2016-05-16T19:08:38.848738 #50700] DEBUG -- : [1;33mTestFun[0m
D, [2016-05-16T19:08:38.848767 #50700] DEBUG -- : [1;34mTestFun[0m
D, [2016-05-16T19:08:38.848959 #50700] DEBUG -- : [1;33mTestFun[0m
D, [2016-05-16T19:08:38.849030 #50700] DEBUG -- : [1;34mTestFun[0m
D, [2016-05-16T19:08:38.849283 #50700] DEBUG -- : [1;33mTestFun[0m
D, [2016-05-16T19:08:38.849331 #50700] DEBUG -- : [1;34mTestFun[0m
D, [2016-05-16T19:08:38.849684 #50700] DEBUG -- : [1;33mTestFun[0m
D, [2016-05-16T19:08:38.849723 #50700] DEBUG -- : [1;34mTestFun[0m
D, [2016-05-16T19:08:38.849892 #50700] DEBUG -- : [1;33mTestFun[0m
D, [2016-05-16T19:08:38.849933 #50700] DEBUG -- : [1;34mTestFun[0m
D, [2016-05-16T19:08:38.850098 #50700] DEBUG -- : [1;33mTestFun[0m
D, [2016-05-16T19:08:38.850135 #50700] DEBUG -- : [1;34mTestFun[0m
D, [2016-05-16T19:08:38.850299 #50700] DEBUG -- : [1;33mTestFun[0m
D, [2016-05-16T19:08:38.850339 #50700] DEBUG -- : [1;34mTestFun[0m
D, [2016-05-16T19:08:38.850626 #50700] DEBUG -- : [1;33mTestFun[0m
D, [2016-05-16T19:08:38.850660 #50700] DEBUG -- : [1;34mTestFun[0m
D, [2016-05-16T19:08:38.850815 #50700] DEBUG -- : [1;33mTestFun[0m
D, [2016-05-16T19:08:38.850874 #50700] DEBUG -- : [1;34mTestFun[0m
D, [2016-05-16T19:08:38.851092 #50700] DEBUG -- : [1;33mTestFun[0m
D, [2016-05-16T19:08:38.851120 #50700] DEBUG -- : [1;34mTestFun[0m
D, [2016-05-16T19:08:38.851255 #50700] DEBUG -- : [1;33mTestFun[0m
D, [2016-05-16T19:08:38.851293 #50700] DEBUG -- : [1;34mTestFun[0m
D, [2016-05-16T19:08:38.851451 #50700] DEBUG -- : [1;33mTestFun[0m
D, [2016-05-16T19:08:38.851479 #50700] DEBUG -- : [1;34mTestFun[0m
D, [2016-05-16T19:08:38.851691 #50700] DEBUG -- : [1;33mTestFun[0m
D, [2016-05-16T19:08:38.851718 #50700] DEBUG -- : [1;34mTestFun[0m
D, [2016-05-16T19:08:38.851892 #50700] DEBUG -- : [1;33mTestFun[0m
D, [2016-05-16T19:08:38.851934 #50700] DEBUG -- : [1;34mTestFun[0m
D, [2016-05-16T19:08:38.852104 #50700] DEBUG -- : [1;33mTestFun[0m
D, [2016-05-16T19:08:38.852142 #50700] DEBUG -- : [1;34mTestFun[0m
D, [2016-05-16T19:08:38.852305 #50700] DEBUG -- : [1;33mTestFun[0m
D, [2016-05-16T19:08:38.852342 #50700] DEBUG -- : [1;34mTestFun[0m
D, [2016-05-16T19:08:38.852500 #50700] DEBUG -- : [1;33mCompanion::Manager[0m
D, [2016-05-16T19:08:38.852536 #50700] DEBUG -- : [1;33mCompanion::Manager[0m
D, [2016-05-16T19:08:38.852577 #50700] DEBUG -- : [1;33mCompanion::Manager[0m
I, [2016-05-16T19:09:40.859689 #51008]  INFO -- : [1;32mCompanion started.[0m
D, [2016-05-16T19:09:40.868041 #51008] DEBUG -- : [1;33mCompanion::Manager[0m
D, [2016-05-16T19:09:40.868114 #51008] DEBUG -- : [1;33mCompanion::Manager[0m
D, [2016-05-16T19:09:40.868145 #51008] DEBUG -- : [1;33mCompanion::Manager[0m
D, [2016-05-16T19:09:40.868321 #51008] DEBUG -- : [1;33mCompanion::Manager[0m
D, [2016-05-16T19:09:40.868359 #51008] DEBUG -- : [1;33mCompanion::Manager[0m
D, [2016-05-16T19:09:40.868522 #51008] DEBUG -- : [1;33mCompanion::Manager[0m
D, [2016-05-16T19:09:40.868553 #51008] DEBUG -- : [1;33mCompanion::Manager[0m
D, [2016-05-16T19:09:40.868668 #51008] DEBUG -- : [1;33mmain[0m
D, [2016-05-16T19:09:40.868697 #51008] DEBUG -- : [1;34mmain[0m
D, [2016-05-16T19:09:40.868934 #51008] DEBUG -- : [1;33mmain[0m
D, [2016-05-16T19:09:40.869009 #51008] DEBUG -- : [1;34mmain[0m
D, [2016-05-16T19:09:40.869114 #51008] DEBUG -- : [1;33mmain[0m
D, [2016-05-16T19:09:40.869199 #51008] DEBUG -- : [1;34mmain[0m
D, [2016-05-16T19:09:40.869294 #51008] DEBUG -- : [1;33mTestFun[0m
D, [2016-05-16T19:09:40.869321 #51008] DEBUG -- : [1;34mTestFun[0m
D, [2016-05-16T19:09:40.869464 #51008] DEBUG -- : [1;33mTestFun[0m
D, [2016-05-16T19:09:40.869491 #51008] DEBUG -- : [1;34mTestFun[0m
D, [2016-05-16T19:09:40.869621 #51008] DEBUG -- : [1;33mTestFun[0m
D, [2016-05-16T19:09:40.869648 #51008] DEBUG -- : [1;34mTestFun[0m
D, [2016-05-16T19:09:40.869739 #51008] DEBUG -- : [1;33mTestFun[0m
D, [2016-05-16T19:09:40.869795 #51008] DEBUG -- : [1;34mTestFun[0m
D, [2016-05-16T19:09:40.869978 #51008] DEBUG -- : [1;33mTestFun[0m
D, [2016-05-16T19:09:40.870004 #51008] DEBUG -- : [1;34mTestFun[0m
D, [2016-05-16T19:09:40.870123 #51008] DEBUG -- : [1;33mTestFun[0m
D, [2016-05-16T19:09:40.870148 #51008] DEBUG -- : [1;34mTestFun[0m
D, [2016-05-16T19:09:40.870321 #51008] DEBUG -- : [1;33mTestFun[0m
D, [2016-05-16T19:09:40.870365 #51008] DEBUG -- : [1;34mTestFun[0m
D, [2016-05-16T19:09:40.870597 #51008] DEBUG -- : [1;33mTestFun[0m
D, [2016-05-16T19:09:40.870652 #51008] DEBUG -- : [1;34mTestFun[0m
D, [2016-05-16T19:09:40.870830 #51008] DEBUG -- : [1;33mTestFun[0m
D, [2016-05-16T19:09:40.870856 #51008] DEBUG -- : [1;34mTestFun[0m
D, [2016-05-16T19:09:40.870970 #51008] DEBUG -- : [1;33mTestFun[0m
D, [2016-05-16T19:09:40.870996 #51008] DEBUG -- : [1;34mTestFun[0m
D, [2016-05-16T19:09:40.871268 #51008] DEBUG -- : [1;33mTestFun[0m
D, [2016-05-16T19:09:40.871308 #51008] DEBUG -- : [1;34mTestFun[0m
D, [2016-05-16T19:09:40.871485 #51008] DEBUG -- : [1;33mTestFun[0m
D, [2016-05-16T19:09:40.871519 #51008] DEBUG -- : [1;34mTestFun[0m
D, [2016-05-16T19:09:40.871702 #51008] DEBUG -- : [1;33mTestFun[0m
D, [2016-05-16T19:09:40.871731 #51008] DEBUG -- : [1;34mTestFun[0m
D, [2016-05-16T19:09:40.872095 #51008] DEBUG -- : [1;33mTestFun[0m
D, [2016-05-16T19:09:40.872124 #51008] DEBUG -- : [1;34mTestFun[0m
D, [2016-05-16T19:09:40.872261 #51008] DEBUG -- : [1;33mTestFun[0m
D, [2016-05-16T19:09:40.872287 #51008] DEBUG -- : [1;34mTestFun[0m
D, [2016-05-16T19:09:40.872421 #51008] DEBUG -- : [1;33mTestFun[0m
D, [2016-05-16T19:09:40.872448 #51008] DEBUG -- : [1;34mTestFun[0m
D, [2016-05-16T19:09:40.872565 #51008] DEBUG -- : [1;33mTestFun[0m
D, [2016-05-16T19:09:40.872592 #51008] DEBUG -- : [1;34mTestFun[0m
D, [2016-05-16T19:09:40.872702 #51008] DEBUG -- : [1;33mTestFun[0m
D, [2016-05-16T19:09:40.872727 #51008] DEBUG -- : [1;34mTestFun[0m
D, [2016-05-16T19:09:40.872980 #51008] DEBUG -- : [1;33mTestFun[0m
D, [2016-05-16T19:09:40.873025 #51008] DEBUG -- : [1;34mTestFun[0m
D, [2016-05-16T19:09:40.873203 #51008] DEBUG -- : [1;33mTestFun[0m
D, [2016-05-16T19:09:40.873245 #51008] DEBUG -- : [1;34mTestFun[0m
D, [2016-05-16T19:09:40.873413 #51008] DEBUG -- : [1;33mCompanion::Manager[0m
D, [2016-05-16T19:09:40.873448 #51008] DEBUG -- : [1;33mCompanion::Manager[0m
D, [2016-05-16T19:09:40.873488 #51008] DEBUG -- : [1;33mCompanion::Manager[0m
D, [2016-05-16T19:09:49.928104 #51008] DEBUG -- : File changed.
D, [2016-05-16T19:09:49.932715 #51008] DEBUG -- : [1;33mCompanion::Manager[0m
D, [2016-05-16T19:09:49.932812 #51008] DEBUG -- : [1;33mCompanion::Manager[0m
D, [2016-05-16T19:09:49.932867 #51008] DEBUG -- : [1;33mCompanion::Manager[0m
D, [2016-05-16T19:09:49.933095 #51008] DEBUG -- : [1;33mCompanion::Manager[0m
D, [2016-05-16T19:09:49.933147 #51008] DEBUG -- : [1;33mCompanion::Manager[0m
D, [2016-05-16T19:09:49.933278 #51008] DEBUG -- : [1;33mCompanion::Manager[0m
D, [2016-05-16T19:09:49.933315 #51008] DEBUG -- : [1;33mCompanion::Manager[0m
D, [2016-05-16T19:09:49.933550 #51008] DEBUG -- : [1;33mmain[0m
D, [2016-05-16T19:09:49.933587 #51008] DEBUG -- : [1;34mmain[0m
D, [2016-05-16T19:09:49.933870 #51008] DEBUG -- : [1;33mTestFun[0m
D, [2016-05-16T19:09:49.933899 #51008] DEBUG -- : [1;34mTestFun[0m
D, [2016-05-16T19:09:49.934040 #51008] DEBUG -- : [1;33mTestFun[0m
D, [2016-05-16T19:09:49.934069 #51008] DEBUG -- : [1;34mTestFun[0m
D, [2016-05-16T19:09:49.934195 #51008] DEBUG -- : [1;33mTestFun[0m
D, [2016-05-16T19:09:49.934221 #51008] DEBUG -- : [1;34mTestFun[0m
D, [2016-05-16T19:09:49.934363 #51008] DEBUG -- : [1;33mTestFun[0m
D, [2016-05-16T19:09:49.934397 #51008] DEBUG -- : [1;34mTestFun[0m
D, [2016-05-16T19:09:49.934793 #51008] DEBUG -- : [1;33mTestFun[0m
D, [2016-05-16T19:09:49.934827 #51008] DEBUG -- : [1;34mTestFun[0m
D, [2016-05-16T19:09:49.934998 #51008] DEBUG -- : [1;33mTestFun[0m
D, [2016-05-16T19:09:49.935033 #51008] DEBUG -- : [1;34mTestFun[0m
D, [2016-05-16T19:09:49.935239 #51008] DEBUG -- : [1;33mTestFun[0m
D, [2016-05-16T19:09:49.935277 #51008] DEBUG -- : [1;34mTestFun[0m
D, [2016-05-16T19:09:49.935565 #51008] DEBUG -- : [1;33mTestFun[0m
D, [2016-05-16T19:09:49.935603 #51008] DEBUG -- : [1;34mTestFun[0m
D, [2016-05-16T19:09:49.935794 #51008] DEBUG -- : [1;33mTestFun[0m
D, [2016-05-16T19:09:49.935832 #51008] DEBUG -- : [1;34mTestFun[0m
D, [2016-05-16T19:09:49.935999 #51008] DEBUG -- : [1;33mTestFun[0m
D, [2016-05-16T19:09:49.936031 #51008] DEBUG -- : [1;34mTestFun[0m
D, [2016-05-16T19:09:49.936176 #51008] DEBUG -- : [1;33mTestFun[0m
D, [2016-05-16T19:09:49.936213 #51008] DEBUG -- : [1;34mTestFun[0m
D, [2016-05-16T19:09:49.936502 #51008] DEBUG -- : [1;33mTestFun[0m
D, [2016-05-16T19:09:49.936540 #51008] DEBUG -- : [1;34mTestFun[0m
D, [2016-05-16T19:09:49.936707 #51008] DEBUG -- : [1;33mTestFun[0m
D, [2016-05-16T19:09:49.936747 #51008] DEBUG -- : [1;34mTestFun[0m
D, [2016-05-16T19:09:49.936913 #51008] DEBUG -- : [1;33mTestFun[0m
D, [2016-05-16T19:09:49.936951 #51008] DEBUG -- : [1;34mTestFun[0m
D, [2016-05-16T19:09:49.937267 #51008] DEBUG -- : [1;33mTestFun[0m
D, [2016-05-16T19:09:49.937311 #51008] DEBUG -- : [1;34mTestFun[0m
D, [2016-05-16T19:09:49.937538 #51008] DEBUG -- : [1;33mTestFun[0m
D, [2016-05-16T19:09:49.937570 #51008] DEBUG -- : [1;34mTestFun[0m
D, [2016-05-16T19:09:49.937784 #51008] DEBUG -- : [1;33mTestFun[0m
D, [2016-05-16T19:09:49.937818 #51008] DEBUG -- : [1;34mTestFun[0m
D, [2016-05-16T19:09:49.938107 #51008] DEBUG -- : [1;33mTestFun[0m
D, [2016-05-16T19:09:49.938140 #51008] DEBUG -- : [1;34mTestFun[0m
D, [2016-05-16T19:09:49.938273 #51008] DEBUG -- : [1;33mTestFun[0m
D, [2016-05-16T19:09:49.938317 #51008] DEBUG -- : [1;34mTestFun[0m
D, [2016-05-16T19:09:49.938499 #51008] DEBUG -- : [1;33mTestFun[0m
D, [2016-05-16T19:09:49.938564 #51008] DEBUG -- : [1;34mTestFun[0m
D, [2016-05-16T19:09:49.938976 #51008] DEBUG -- : [1;33mCompanion::Manager[0m
D, [2016-05-16T19:09:49.939028 #51008] DEBUG -- : [1;33mCompanion::Manager[0m
D, [2016-05-16T19:09:49.939068 #51008] DEBUG -- : [1;33mCompanion::Manager[0m
I, [2016-05-16T19:10:32.584660 #51160]  INFO -- : [1;32mCompanion started.[0m
D, [2016-05-16T19:10:32.592692 #51160] DEBUG -- : [1;33mCompanion::Manager[0m
D, [2016-05-16T19:10:32.592775 #51160] DEBUG -- : [1;33mCompanion::Manager[0m
D, [2016-05-16T19:10:32.592815 #51160] DEBUG -- : [1;33mCompanion::Manager[0m
D, [2016-05-16T19:10:32.592978 #51160] DEBUG -- : [1;33mCompanion::Manager[0m
D, [2016-05-16T19:10:32.593059 #51160] DEBUG -- : [1;33mCompanion::Manager[0m
D, [2016-05-16T19:10:32.593240 #51160] DEBUG -- : [1;33mCompanion::Manager[0m
D, [2016-05-16T19:10:32.593271 #51160] DEBUG -- : [1;33mCompanion::Manager[0m
D, [2016-05-16T19:10:32.593385 #51160] DEBUG -- : [1;33mmain[0m
D, [2016-05-16T19:10:32.593416 #51160] DEBUG -- : [1;34mmain[0m
D, [2016-05-16T19:10:32.593579 #51160] DEBUG -- : [1;33mmain[0m
D, [2016-05-16T19:10:32.593653 #51160] DEBUG -- : [1;34mmain[0m
D, [2016-05-16T19:10:32.593790 #51160] DEBUG -- : [1;33mmain[0m
D, [2016-05-16T19:10:32.593815 #51160] DEBUG -- : [1;34mmain[0m
D, [2016-05-16T19:10:32.593937 #51160] DEBUG -- : [1;33mTestFun[0m
D, [2016-05-16T19:10:32.593962 #51160] DEBUG -- : [1;34mTestFun[0m
D, [2016-05-16T19:10:32.594111 #51160] DEBUG -- : [1;33mTestFun[0m
D, [2016-05-16T19:10:32.594145 #51160] DEBUG -- : [1;34mTestFun[0m
D, [2016-05-16T19:10:32.594281 #51160] DEBUG -- : [1;33mTestFun[0m
D, [2016-05-16T19:10:32.594307 #51160] DEBUG -- : [1;34mTestFun[0m
D, [2016-05-16T19:10:32.594459 #51160] DEBUG -- : [1;33mTestFun[0m
D, [2016-05-16T19:10:32.594484 #51160] DEBUG -- : [1;34mTestFun[0m
D, [2016-05-16T19:10:32.594575 #51160] DEBUG -- : [1;33mTestFun[0m
D, [2016-05-16T19:10:32.594599 #51160] DEBUG -- : [1;34mTestFun[0m
D, [2016-05-16T19:10:32.594722 #51160] DEBUG -- : [1;33mTestFun[0m
D, [2016-05-16T19:10:32.594765 #51160] DEBUG -- : [1;34mTestFun[0m
D, [2016-05-16T19:10:32.594920 #51160] DEBUG -- : [1;33mTestFun[0m
D, [2016-05-16T19:10:32.594973 #51160] DEBUG -- : [1;34mTestFun[0m
D, [2016-05-16T19:10:32.595156 #51160] DEBUG -- : [1;33mTestFun[0m
D, [2016-05-16T19:10:32.595208 #51160] DEBUG -- : [1;34mTestFun[0m
D, [2016-05-16T19:10:32.595374 #51160] DEBUG -- : [1;33mTestFun[0m
D, [2016-05-16T19:10:32.595415 #51160] DEBUG -- : [1;34mTestFun[0m
D, [2016-05-16T19:10:32.595573 #51160] DEBUG -- : [1;33mTestFun[0m
D, [2016-05-16T19:10:32.595599 #51160] DEBUG -- : [1;34mTestFun[0m
D, [2016-05-16T19:10:32.595711 #51160] DEBUG -- : [1;33mTestFun[0m
D, [2016-05-16T19:10:32.595739 #51160] DEBUG -- : [1;34mTestFun[0m
D, [2016-05-16T19:10:32.595955 #51160] DEBUG -- : [1;33mTestFun[0m
D, [2016-05-16T19:10:32.595991 #51160] DEBUG -- : [1;34mTestFun[0m
D, [2016-05-16T19:10:32.596096 #51160] DEBUG -- : [1;33mTestFun[0m
D, [2016-05-16T19:10:32.596123 #51160] DEBUG -- : [1;34mTestFun[0m
D, [2016-05-16T19:10:32.596256 #51160] DEBUG -- : [1;33mTestFun[0m
D, [2016-05-16T19:10:32.596283 #51160] DEBUG -- : [1;34mTestFun[0m
D, [2016-05-16T19:10:32.596445 #51160] DEBUG -- : [1;33mTestFun[0m
D, [2016-05-16T19:10:32.596473 #51160] DEBUG -- : [1;34mTestFun[0m
D, [2016-05-16T19:10:32.596582 #51160] DEBUG -- : [1;33mTestFun[0m
D, [2016-05-16T19:10:32.596607 #51160] DEBUG -- : [1;34mTestFun[0m
D, [2016-05-16T19:10:32.596941 #51160] DEBUG -- : [1;33mTestFun[0m
D, [2016-05-16T19:10:32.596969 #51160] DEBUG -- : [1;34mTestFun[0m
D, [2016-05-16T19:10:32.597086 #51160] DEBUG -- : [1;33mTestFun[0m
D, [2016-05-16T19:10:32.597112 #51160] DEBUG -- : [1;34mTestFun[0m
D, [2016-05-16T19:10:32.597226 #51160] DEBUG -- : [1;33mTestFun[0m
D, [2016-05-16T19:10:32.597251 #51160] DEBUG -- : [1;34mTestFun[0m
D, [2016-05-16T19:10:32.597361 #51160] DEBUG -- : [1;33mTestFun[0m
D, [2016-05-16T19:10:32.597464 #51160] DEBUG -- : [1;34mTestFun[0m
D, [2016-05-16T19:10:32.597574 #51160] DEBUG -- : [1;33mCompanion::Manager[0m
D, [2016-05-16T19:10:32.597604 #51160] DEBUG -- : [1;33mCompanion::Manager[0m
D, [2016-05-16T19:10:32.597628 #51160] DEBUG -- : [1;33mCompanion::Manager[0m
